Determining if the include file bitypes.h exists failed with the following output:
Change Dir: /home/ljk/Test/libpcap-1.9.1/build/CMakeFiles/CMakeTmp

Run Build Command(s):/usr/bin/gmake -f Makefile cmTC_117b3/fast && /usr/bin/gmake  -f CMakeFiles/cmTC_117b3.dir/build.make CMakeFiles/cmTC_117b3.dir/build
gmake[1]: 进入目录“/home/ljk/Test/libpcap-1.9.1/build/CMakeFiles/CMakeTmp”
Building C object CMakeFiles/cmTC_117b3.dir/CheckIncludeFile.c.o
/usr/bin/cc    -o CMakeFiles/cmTC_117b3.dir/CheckIncludeFile.c.o -c /home/ljk/Test/libpcap-1.9.1/build/CMakeFiles/CMakeTmp/CheckIncludeFile.c
/home/ljk/Test/libpcap-1.9.1/build/CMakeFiles/CMakeTmp/CheckIncludeFile.c:1:10: fatal error: bitypes.h: 没有那个文件或目录
    1 | #include <bitypes.h>
      |          ^~~~~~~~~~~
compilation terminated.
gmake[1]: *** [CMakeFiles/cmTC_117b3.dir/build.make:78：CMakeFiles/cmTC_117b3.dir/CheckIncludeFile.c.o] 错误 1
gmake[1]: 离开目录“/home/ljk/Test/libpcap-1.9.1/build/CMakeFiles/CMakeTmp”
gmake: *** [Makefile:127：cmTC_117b3/fast] 错误 2



Determining if the include file sys/ioccom.h exists failed with the following output:
Change Dir: /home/ljk/Test/libpcap-1.9.1/build/CMakeFiles/CMakeTmp

Run Build Command(s):/usr/bin/gmake -f Makefile cmTC_53a6a/fast && /usr/bin/gmake  -f CMakeFiles/cmTC_53a6a.dir/build.make CMakeFiles/cmTC_53a6a.dir/build
gmake[1]: 进入目录“/home/ljk/Test/libpcap-1.9.1/build/CMakeFiles/CMakeTmp”
Building C object CMakeFiles/cmTC_53a6a.dir/CheckIncludeFile.c.o
/usr/bin/cc    -o CMakeFiles/cmTC_53a6a.dir/CheckIncludeFile.c.o -c /home/ljk/Test/libpcap-1.9.1/build/CMakeFiles/CMakeTmp/CheckIncludeFile.c
/home/ljk/Test/libpcap-1.9.1/build/CMakeFiles/CMakeTmp/CheckIncludeFile.c:1:10: fatal error: sys/ioccom.h: 没有那个文件或目录
    1 | #include <sys/ioccom.h>
      |          ^~~~~~~~~~~~~~
compilation terminated.
gmake[1]: *** [CMakeFiles/cmTC_53a6a.dir/build.make:78：CMakeFiles/cmTC_53a6a.dir/CheckIncludeFile.c.o] 错误 1
gmake[1]: 离开目录“/home/ljk/Test/libpcap-1.9.1/build/CMakeFiles/CMakeTmp”
gmake: *** [Makefile:127：cmTC_53a6a/fast] 错误 2



Determining if the include file sys/sockio.h exists failed with the following output:
Change Dir: /home/ljk/Test/libpcap-1.9.1/build/CMakeFiles/CMakeTmp

Run Build Command(s):/usr/bin/gmake -f Makefile cmTC_30ef4/fast && /usr/bin/gmake  -f CMakeFiles/cmTC_30ef4.dir/build.make CMakeFiles/cmTC_30ef4.dir/build
gmake[1]: 进入目录“/home/ljk/Test/libpcap-1.9.1/build/CMakeFiles/CMakeTmp”
Building C object CMakeFiles/cmTC_30ef4.dir/CheckIncludeFile.c.o
/usr/bin/cc    -o CMakeFiles/cmTC_30ef4.dir/CheckIncludeFile.c.o -c /home/ljk/Test/libpcap-1.9.1/build/CMakeFiles/CMakeTmp/CheckIncludeFile.c
/home/ljk/Test/libpcap-1.9.1/build/CMakeFiles/CMakeTmp/CheckIncludeFile.c:1:10: fatal error: sys/sockio.h: 没有那个文件或目录
    1 | #include <sys/sockio.h>
      |          ^~~~~~~~~~~~~~
compilation terminated.
gmake[1]: *** [CMakeFiles/cmTC_30ef4.dir/build.make:78：CMakeFiles/cmTC_30ef4.dir/CheckIncludeFile.c.o] 错误 1
gmake[1]: 离开目录“/home/ljk/Test/libpcap-1.9.1/build/CMakeFiles/CMakeTmp”
gmake: *** [Makefile:127：cmTC_30ef4/fast] 错误 2



Determining if files sys/types.h;sys/socket.h;net/if.h;net/pfvar.h exist failed with the following output:
Change Dir: /home/ljk/Test/libpcap-1.9.1/build/CMakeFiles/CMakeTmp

Run Build Command(s):/usr/bin/gmake -f Makefile cmTC_da3ff/fast && /usr/bin/gmake  -f CMakeFiles/cmTC_da3ff.dir/build.make CMakeFiles/cmTC_da3ff.dir/build
gmake[1]: 进入目录“/home/ljk/Test/libpcap-1.9.1/build/CMakeFiles/CMakeTmp”
Building C object CMakeFiles/cmTC_da3ff.dir/HAVE_NET_PFVAR_H.c.o
/usr/bin/cc    -o CMakeFiles/cmTC_da3ff.dir/HAVE_NET_PFVAR_H.c.o -c /home/ljk/Test/libpcap-1.9.1/build/CMakeFiles/CheckIncludeFiles/HAVE_NET_PFVAR_H.c
/home/ljk/Test/libpcap-1.9.1/build/CMakeFiles/CheckIncludeFiles/HAVE_NET_PFVAR_H.c:5:10: fatal error: net/pfvar.h: 没有那个文件或目录
    5 | #include <net/pfvar.h>
      |          ^~~~~~~~~~~~~
compilation terminated.
gmake[1]: *** [CMakeFiles/cmTC_da3ff.dir/build.make:78：CMakeFiles/cmTC_da3ff.dir/HAVE_NET_PFVAR_H.c.o] 错误 1
gmake[1]: 离开目录“/home/ljk/Test/libpcap-1.9.1/build/CMakeFiles/CMakeTmp”
gmake: *** [Makefile:127：cmTC_da3ff/fast] 错误 2


Source:
/* */
#include <sys/types.h>
#include <sys/socket.h>
#include <net/if.h>
#include <net/pfvar.h>


int main(void){return 0;}

Determining if the function strlcpy exists failed with the following output:
Change Dir: /home/ljk/Test/libpcap-1.9.1/build/CMakeFiles/CMakeTmp

Run Build Command(s):/usr/bin/gmake -f Makefile cmTC_eb5b7/fast && /usr/bin/gmake  -f CMakeFiles/cmTC_eb5b7.dir/build.make CMakeFiles/cmTC_eb5b7.dir/build
gmake[1]: 进入目录“/home/ljk/Test/libpcap-1.9.1/build/CMakeFiles/CMakeTmp”
Building C object CMakeFiles/cmTC_eb5b7.dir/CheckFunctionExists.c.o
/usr/bin/cc   -DCHECK_FUNCTION_EXISTS=strlcpy -o CMakeFiles/cmTC_eb5b7.dir/CheckFunctionExists.c.o -c /usr/share/cmake-3.22/Modules/CheckFunctionExists.c
Linking C executable cmTC_eb5b7
/usr/bin/cmake -E cmake_link_script CMakeFiles/cmTC_eb5b7.dir/link.txt --verbose=1
/usr/bin/cc  -DCHECK_FUNCTION_EXISTS=strlcpy -rdynamic CMakeFiles/cmTC_eb5b7.dir/CheckFunctionExists.c.o -o cmTC_eb5b7 
/usr/bin/ld: CMakeFiles/cmTC_eb5b7.dir/CheckFunctionExists.c.o: in function `main':
CheckFunctionExists.c:(.text+0x14): undefined reference to `strlcpy'
collect2: error: ld returned 1 exit status
gmake[1]: *** [CMakeFiles/cmTC_eb5b7.dir/build.make:99：cmTC_eb5b7] 错误 1
gmake[1]: 离开目录“/home/ljk/Test/libpcap-1.9.1/build/CMakeFiles/CMakeTmp”
gmake: *** [Makefile:127：cmTC_eb5b7/fast] 错误 2



Determining if the function strlcat exists failed with the following output:
Change Dir: /home/ljk/Test/libpcap-1.9.1/build/CMakeFiles/CMakeTmp

Run Build Command(s):/usr/bin/gmake -f Makefile cmTC_d61a6/fast && /usr/bin/gmake  -f CMakeFiles/cmTC_d61a6.dir/build.make CMakeFiles/cmTC_d61a6.dir/build
gmake[1]: 进入目录“/home/ljk/Test/libpcap-1.9.1/build/CMakeFiles/CMakeTmp”
Building C object CMakeFiles/cmTC_d61a6.dir/CheckFunctionExists.c.o
/usr/bin/cc   -DCHECK_FUNCTION_EXISTS=strlcat -o CMakeFiles/cmTC_d61a6.dir/CheckFunctionExists.c.o -c /usr/share/cmake-3.22/Modules/CheckFunctionExists.c
Linking C executable cmTC_d61a6
/usr/bin/cmake -E cmake_link_script CMakeFiles/cmTC_d61a6.dir/link.txt --verbose=1
/usr/bin/cc  -DCHECK_FUNCTION_EXISTS=strlcat -rdynamic CMakeFiles/cmTC_d61a6.dir/CheckFunctionExists.c.o -o cmTC_d61a6 
/usr/bin/ld: CMakeFiles/cmTC_d61a6.dir/CheckFunctionExists.c.o: in function `main':
CheckFunctionExists.c:(.text+0x14): undefined reference to `strlcat'
collect2: error: ld returned 1 exit status
gmake[1]: *** [CMakeFiles/cmTC_d61a6.dir/build.make:99：cmTC_d61a6] 错误 1
gmake[1]: 离开目录“/home/ljk/Test/libpcap-1.9.1/build/CMakeFiles/CMakeTmp”
gmake: *** [Makefile:127：cmTC_d61a6/fast] 错误 2



Determining if the function putmsg exists failed with the following output:
Change Dir: /home/ljk/Test/libpcap-1.9.1/build/CMakeFiles/CMakeTmp

Run Build Command(s):/usr/bin/gmake -f Makefile cmTC_30aee/fast && /usr/bin/gmake  -f CMakeFiles/cmTC_30aee.dir/build.make CMakeFiles/cmTC_30aee.dir/build
gmake[1]: 进入目录“/home/ljk/Test/libpcap-1.9.1/build/CMakeFiles/CMakeTmp”
Building C object CMakeFiles/cmTC_30aee.dir/CheckFunctionExists.c.o
/usr/bin/cc   -DCHECK_FUNCTION_EXISTS=putmsg -o CMakeFiles/cmTC_30aee.dir/CheckFunctionExists.c.o -c /usr/share/cmake-3.22/Modules/CheckFunctionExists.c
Linking C executable cmTC_30aee
/usr/bin/cmake -E cmake_link_script CMakeFiles/cmTC_30aee.dir/link.txt --verbose=1
/usr/bin/cc  -DCHECK_FUNCTION_EXISTS=putmsg -rdynamic CMakeFiles/cmTC_30aee.dir/CheckFunctionExists.c.o -o cmTC_30aee 
/usr/bin/ld: CMakeFiles/cmTC_30aee.dir/CheckFunctionExists.c.o: in function `main':
CheckFunctionExists.c:(.text+0x14): undefined reference to `putmsg'
collect2: error: ld returned 1 exit status
gmake[1]: *** [CMakeFiles/cmTC_30aee.dir/build.make:99：cmTC_30aee] 错误 1
gmake[1]: 离开目录“/home/ljk/Test/libpcap-1.9.1/build/CMakeFiles/CMakeTmp”
gmake: *** [Makefile:127：cmTC_30aee/fast] 错误 2



Determining if the function putmsg exists in the str failed with the following output:
Change Dir: /home/ljk/Test/libpcap-1.9.1/build/CMakeFiles/CMakeTmp

Run Build Command(s):/usr/bin/gmake -f Makefile cmTC_9cb1a/fast && /usr/bin/gmake  -f CMakeFiles/cmTC_9cb1a.dir/build.make CMakeFiles/cmTC_9cb1a.dir/build
gmake[1]: 进入目录“/home/ljk/Test/libpcap-1.9.1/build/CMakeFiles/CMakeTmp”
Building C object CMakeFiles/cmTC_9cb1a.dir/CheckFunctionExists.c.o
/usr/bin/cc   -DCHECK_FUNCTION_EXISTS=putmsg -o CMakeFiles/cmTC_9cb1a.dir/CheckFunctionExists.c.o -c /usr/share/cmake-3.22/Modules/CheckFunctionExists.c
Linking C executable cmTC_9cb1a
/usr/bin/cmake -E cmake_link_script CMakeFiles/cmTC_9cb1a.dir/link.txt --verbose=1
/usr/bin/cc  -DCHECK_FUNCTION_EXISTS=putmsg -rdynamic CMakeFiles/cmTC_9cb1a.dir/CheckFunctionExists.c.o -o cmTC_9cb1a  -lstr 
/usr/bin/ld: 找不到 -lstr: 没有那个文件或目录
collect2: error: ld returned 1 exit status
gmake[1]: *** [CMakeFiles/cmTC_9cb1a.dir/build.make:99：cmTC_9cb1a] 错误 1
gmake[1]: 离开目录“/home/ljk/Test/libpcap-1.9.1/build/CMakeFiles/CMakeTmp”
gmake: *** [Makefile:127：cmTC_9cb1a/fast] 错误 2



Performing C SOURCE FILE Test HAVE_STRUCT_SOCKADDR_SA_LEN failed with the following output:
Change Dir: /home/ljk/Test/libpcap-1.9.1/build/CMakeFiles/CMakeTmp

Run Build Command(s):/usr/bin/gmake -f Makefile cmTC_98e59/fast && /usr/bin/gmake  -f CMakeFiles/cmTC_98e59.dir/build.make CMakeFiles/cmTC_98e59.dir/build
gmake[1]: 进入目录“/home/ljk/Test/libpcap-1.9.1/build/CMakeFiles/CMakeTmp”
Building C object CMakeFiles/cmTC_98e59.dir/src.c.o
/usr/bin/cc -DHAVE_STRUCT_SOCKADDR_SA_LEN   -o CMakeFiles/cmTC_98e59.dir/src.c.o -c /home/ljk/Test/libpcap-1.9.1/build/CMakeFiles/CMakeTmp/src.c
/home/ljk/Test/libpcap-1.9.1/build/CMakeFiles/CMakeTmp/src.c: In function ‘main’:
/home/ljk/Test/libpcap-1.9.1/build/CMakeFiles/CMakeTmp/src.c:6:38: error: ‘struct sockaddr’ has no member named ‘sa_len’
    6 |   (void)sizeof(((struct sockaddr *)0)->sa_len);
      |                                      ^~
gmake[1]: *** [CMakeFiles/cmTC_98e59.dir/build.make:78：CMakeFiles/cmTC_98e59.dir/src.c.o] 错误 1
gmake[1]: 离开目录“/home/ljk/Test/libpcap-1.9.1/build/CMakeFiles/CMakeTmp”
gmake: *** [Makefile:127：cmTC_98e59/fast] 错误 2


Source file was:

#include <sys/socket.h>

int main()
{
  (void)sizeof(((struct sockaddr *)0)->sa_len);
  return 0;
}

Determining if the ether_hostton exist failed with the following output:
Change Dir: /home/ljk/Test/libpcap-1.9.1/build/CMakeFiles/CMakeTmp

Run Build Command(s):/usr/bin/gmake -f Makefile cmTC_85fce/fast && /usr/bin/gmake  -f CMakeFiles/cmTC_85fce.dir/build.make CMakeFiles/cmTC_85fce.dir/build
gmake[1]: 进入目录“/home/ljk/Test/libpcap-1.9.1/build/CMakeFiles/CMakeTmp”
Building C object CMakeFiles/cmTC_85fce.dir/CheckSymbolExists.c.o
/usr/bin/cc    -o CMakeFiles/cmTC_85fce.dir/CheckSymbolExists.c.o -c /home/ljk/Test/libpcap-1.9.1/build/CMakeFiles/CMakeTmp/CheckSymbolExists.c
/home/ljk/Test/libpcap-1.9.1/build/CMakeFiles/CMakeTmp/CheckSymbolExists.c: In function ‘main’:
/home/ljk/Test/libpcap-1.9.1/build/CMakeFiles/CMakeTmp/CheckSymbolExists.c:8:19: error: ‘ether_hostton’ undeclared (first use in this function)
    8 |   return ((int*)(&ether_hostton))[argc];
      |                   ^~~~~~~~~~~~~
/home/ljk/Test/libpcap-1.9.1/build/CMakeFiles/CMakeTmp/CheckSymbolExists.c:8:19: note: each undeclared identifier is reported only once for each function it appears in
gmake[1]: *** [CMakeFiles/cmTC_85fce.dir/build.make:78：CMakeFiles/cmTC_85fce.dir/CheckSymbolExists.c.o] 错误 1
gmake[1]: 离开目录“/home/ljk/Test/libpcap-1.9.1/build/CMakeFiles/CMakeTmp”
gmake: *** [Makefile:127：cmTC_85fce/fast] 错误 2


File /home/ljk/Test/libpcap-1.9.1/build/CMakeFiles/CMakeTmp/CheckSymbolExists.c:
/* */
#include <net/ethernet.h>

int main(int argc, char** argv)
{
  (void)argv;
#ifndef ether_hostton
  return ((int*)(&ether_hostton))[argc];
#else
  (void)argc;
  return 0;
#endif
}
Determining if files sys/types.h;net/bpf.h exist failed with the following output:
Change Dir: /home/ljk/Test/libpcap-1.9.1/build/CMakeFiles/CMakeTmp

Run Build Command(s):/usr/bin/gmake -f Makefile cmTC_b82e6/fast && /usr/bin/gmake  -f CMakeFiles/cmTC_b82e6.dir/build.make CMakeFiles/cmTC_b82e6.dir/build
gmake[1]: 进入目录“/home/ljk/Test/libpcap-1.9.1/build/CMakeFiles/CMakeTmp”
Building C object CMakeFiles/cmTC_b82e6.dir/HAVE_NET_BPF_H.c.o
/usr/bin/cc    -o CMakeFiles/cmTC_b82e6.dir/HAVE_NET_BPF_H.c.o -c /home/ljk/Test/libpcap-1.9.1/build/CMakeFiles/CheckIncludeFiles/HAVE_NET_BPF_H.c
/home/ljk/Test/libpcap-1.9.1/build/CMakeFiles/CheckIncludeFiles/HAVE_NET_BPF_H.c:3:10: fatal error: net/bpf.h: 没有那个文件或目录
    3 | #include <net/bpf.h>
      |          ^~~~~~~~~~~
compilation terminated.
gmake[1]: *** [CMakeFiles/cmTC_b82e6.dir/build.make:78：CMakeFiles/cmTC_b82e6.dir/HAVE_NET_BPF_H.c.o] 错误 1
gmake[1]: 离开目录“/home/ljk/Test/libpcap-1.9.1/build/CMakeFiles/CMakeTmp”
gmake: *** [Makefile:127：cmTC_b82e6/fast] 错误 2


Source:
/* */
#include <sys/types.h>
#include <net/bpf.h>


int main(void){return 0;}

Determining if the include file net/pfilt.h exists failed with the following output:
Change Dir: /home/ljk/Test/libpcap-1.9.1/build/CMakeFiles/CMakeTmp

Run Build Command(s):/usr/bin/gmake -f Makefile cmTC_89bbf/fast && /usr/bin/gmake  -f CMakeFiles/cmTC_89bbf.dir/build.make CMakeFiles/cmTC_89bbf.dir/build
gmake[1]: 进入目录“/home/ljk/Test/libpcap-1.9.1/build/CMakeFiles/CMakeTmp”
Building C object CMakeFiles/cmTC_89bbf.dir/CheckIncludeFile.c.o
/usr/bin/cc    -o CMakeFiles/cmTC_89bbf.dir/CheckIncludeFile.c.o -c /home/ljk/Test/libpcap-1.9.1/build/CMakeFiles/CMakeTmp/CheckIncludeFile.c
/home/ljk/Test/libpcap-1.9.1/build/CMakeFiles/CMakeTmp/CheckIncludeFile.c:1:10: fatal error: net/pfilt.h: 没有那个文件或目录
    1 | #include <net/pfilt.h>
      |          ^~~~~~~~~~~~~
compilation terminated.
gmake[1]: *** [CMakeFiles/cmTC_89bbf.dir/build.make:78：CMakeFiles/cmTC_89bbf.dir/CheckIncludeFile.c.o] 错误 1
gmake[1]: 离开目录“/home/ljk/Test/libpcap-1.9.1/build/CMakeFiles/CMakeTmp”
gmake: *** [Makefile:127：cmTC_89bbf/fast] 错误 2



Determining if the include file net/enet.h exists failed with the following output:
Change Dir: /home/ljk/Test/libpcap-1.9.1/build/CMakeFiles/CMakeTmp

Run Build Command(s):/usr/bin/gmake -f Makefile cmTC_3ab06/fast && /usr/bin/gmake  -f CMakeFiles/cmTC_3ab06.dir/build.make CMakeFiles/cmTC_3ab06.dir/build
gmake[1]: 进入目录“/home/ljk/Test/libpcap-1.9.1/build/CMakeFiles/CMakeTmp”
Building C object CMakeFiles/cmTC_3ab06.dir/CheckIncludeFile.c.o
/usr/bin/cc    -o CMakeFiles/cmTC_3ab06.dir/CheckIncludeFile.c.o -c /home/ljk/Test/libpcap-1.9.1/build/CMakeFiles/CMakeTmp/CheckIncludeFile.c
/home/ljk/Test/libpcap-1.9.1/build/CMakeFiles/CMakeTmp/CheckIncludeFile.c:1:10: fatal error: net/enet.h: 没有那个文件或目录
    1 | #include <net/enet.h>
      |          ^~~~~~~~~~~~
compilation terminated.
gmake[1]: *** [CMakeFiles/cmTC_3ab06.dir/build.make:78：CMakeFiles/cmTC_3ab06.dir/CheckIncludeFile.c.o] 错误 1
gmake[1]: 离开目录“/home/ljk/Test/libpcap-1.9.1/build/CMakeFiles/CMakeTmp”
gmake: *** [Makefile:127：cmTC_3ab06/fast] 错误 2



Determining if the include file net/nit.h exists failed with the following output:
Change Dir: /home/ljk/Test/libpcap-1.9.1/build/CMakeFiles/CMakeTmp

Run Build Command(s):/usr/bin/gmake -f Makefile cmTC_2882d/fast && /usr/bin/gmake  -f CMakeFiles/cmTC_2882d.dir/build.make CMakeFiles/cmTC_2882d.dir/build
gmake[1]: 进入目录“/home/ljk/Test/libpcap-1.9.1/build/CMakeFiles/CMakeTmp”
Building C object CMakeFiles/cmTC_2882d.dir/CheckIncludeFile.c.o
/usr/bin/cc    -o CMakeFiles/cmTC_2882d.dir/CheckIncludeFile.c.o -c /home/ljk/Test/libpcap-1.9.1/build/CMakeFiles/CMakeTmp/CheckIncludeFile.c
/home/ljk/Test/libpcap-1.9.1/build/CMakeFiles/CMakeTmp/CheckIncludeFile.c:1:10: fatal error: net/nit.h: 没有那个文件或目录
    1 | #include <net/nit.h>
      |          ^~~~~~~~~~~
compilation terminated.
gmake[1]: *** [CMakeFiles/cmTC_2882d.dir/build.make:78：CMakeFiles/cmTC_2882d.dir/CheckIncludeFile.c.o] 错误 1
gmake[1]: 离开目录“/home/ljk/Test/libpcap-1.9.1/build/CMakeFiles/CMakeTmp”
gmake: *** [Makefile:127：cmTC_2882d/fast] 错误 2



Determining if the include file sys/net/nit.h exists failed with the following output:
Change Dir: /home/ljk/Test/libpcap-1.9.1/build/CMakeFiles/CMakeTmp

Run Build Command(s):/usr/bin/gmake -f Makefile cmTC_a4cce/fast && /usr/bin/gmake  -f CMakeFiles/cmTC_a4cce.dir/build.make CMakeFiles/cmTC_a4cce.dir/build
gmake[1]: 进入目录“/home/ljk/Test/libpcap-1.9.1/build/CMakeFiles/CMakeTmp”
Building C object CMakeFiles/cmTC_a4cce.dir/CheckIncludeFile.c.o
/usr/bin/cc    -o CMakeFiles/cmTC_a4cce.dir/CheckIncludeFile.c.o -c /home/ljk/Test/libpcap-1.9.1/build/CMakeFiles/CMakeTmp/CheckIncludeFile.c
/home/ljk/Test/libpcap-1.9.1/build/CMakeFiles/CMakeTmp/CheckIncludeFile.c:1:10: fatal error: sys/net/nit.h: 没有那个文件或目录
    1 | #include <sys/net/nit.h>
      |          ^~~~~~~~~~~~~~~
compilation terminated.
gmake[1]: *** [CMakeFiles/cmTC_a4cce.dir/build.make:78：CMakeFiles/cmTC_a4cce.dir/CheckIncludeFile.c.o] 错误 1
gmake[1]: 离开目录“/home/ljk/Test/libpcap-1.9.1/build/CMakeFiles/CMakeTmp”
gmake: *** [Makefile:127：cmTC_a4cce/fast] 错误 2



Determining if the include file net/raw.h exists failed with the following output:
Change Dir: /home/ljk/Test/libpcap-1.9.1/build/CMakeFiles/CMakeTmp

Run Build Command(s):/usr/bin/gmake -f Makefile cmTC_3f5ae/fast && /usr/bin/gmake  -f CMakeFiles/cmTC_3f5ae.dir/build.make CMakeFiles/cmTC_3f5ae.dir/build
gmake[1]: 进入目录“/home/ljk/Test/libpcap-1.9.1/build/CMakeFiles/CMakeTmp”
Building C object CMakeFiles/cmTC_3f5ae.dir/CheckIncludeFile.c.o
/usr/bin/cc    -o CMakeFiles/cmTC_3f5ae.dir/CheckIncludeFile.c.o -c /home/ljk/Test/libpcap-1.9.1/build/CMakeFiles/CMakeTmp/CheckIncludeFile.c
/home/ljk/Test/libpcap-1.9.1/build/CMakeFiles/CMakeTmp/CheckIncludeFile.c:1:10: fatal error: net/raw.h: 没有那个文件或目录
    1 | #include <net/raw.h>
      |          ^~~~~~~~~~~
compilation terminated.
gmake[1]: *** [CMakeFiles/cmTC_3f5ae.dir/build.make:78：CMakeFiles/cmTC_3f5ae.dir/CheckIncludeFile.c.o] 错误 1
gmake[1]: 离开目录“/home/ljk/Test/libpcap-1.9.1/build/CMakeFiles/CMakeTmp”
gmake: *** [Makefile:127：cmTC_3f5ae/fast] 错误 2



Determining if the include file sys/dlpi.h exists failed with the following output:
Change Dir: /home/ljk/Test/libpcap-1.9.1/build/CMakeFiles/CMakeTmp

Run Build Command(s):/usr/bin/gmake -f Makefile cmTC_cafa7/fast && /usr/bin/gmake  -f CMakeFiles/cmTC_cafa7.dir/build.make CMakeFiles/cmTC_cafa7.dir/build
gmake[1]: 进入目录“/home/ljk/Test/libpcap-1.9.1/build/CMakeFiles/CMakeTmp”
Building C object CMakeFiles/cmTC_cafa7.dir/CheckIncludeFile.c.o
/usr/bin/cc    -o CMakeFiles/cmTC_cafa7.dir/CheckIncludeFile.c.o -c /home/ljk/Test/libpcap-1.9.1/build/CMakeFiles/CMakeTmp/CheckIncludeFile.c
/home/ljk/Test/libpcap-1.9.1/build/CMakeFiles/CMakeTmp/CheckIncludeFile.c:1:10: fatal error: sys/dlpi.h: 没有那个文件或目录
    1 | #include <sys/dlpi.h>
      |          ^~~~~~~~~~~~
compilation terminated.
gmake[1]: *** [CMakeFiles/cmTC_cafa7.dir/build.make:78：CMakeFiles/cmTC_cafa7.dir/CheckIncludeFile.c.o] 错误 1
gmake[1]: 离开目录“/home/ljk/Test/libpcap-1.9.1/build/CMakeFiles/CMakeTmp”
gmake: *** [Makefile:127：cmTC_cafa7/fast] 错误 2



Determining if the function nl_socket_alloc exists failed with the following output:
Change Dir: /home/ljk/Test/libpcap-1.9.1/build/CMakeFiles/CMakeTmp

Run Build Command(s):/usr/bin/gmake -f Makefile cmTC_857da/fast && /usr/bin/gmake  -f CMakeFiles/cmTC_857da.dir/build.make CMakeFiles/cmTC_857da.dir/build
gmake[1]: 进入目录“/home/ljk/Test/libpcap-1.9.1/build/CMakeFiles/CMakeTmp”
Building C object CMakeFiles/cmTC_857da.dir/CheckFunctionExists.c.o
/usr/bin/cc   -DCHECK_FUNCTION_EXISTS=nl_socket_alloc -o CMakeFiles/cmTC_857da.dir/CheckFunctionExists.c.o -c /usr/share/cmake-3.22/Modules/CheckFunctionExists.c
Linking C executable cmTC_857da
/usr/bin/cmake -E cmake_link_script CMakeFiles/cmTC_857da.dir/link.txt --verbose=1
/usr/bin/cc  -DCHECK_FUNCTION_EXISTS=nl_socket_alloc -rdynamic CMakeFiles/cmTC_857da.dir/CheckFunctionExists.c.o -o cmTC_857da  -lnl-3 
/usr/bin/ld: 找不到 -lnl-3: 没有那个文件或目录
collect2: error: ld returned 1 exit status
gmake[1]: *** [CMakeFiles/cmTC_857da.dir/build.make:99：cmTC_857da] 错误 1
gmake[1]: 离开目录“/home/ljk/Test/libpcap-1.9.1/build/CMakeFiles/CMakeTmp”
gmake: *** [Makefile:127：cmTC_857da/fast] 错误 2



Determining if files linux/compiler.h exist failed with the following output:
Change Dir: /home/ljk/Test/libpcap-1.9.1/build/CMakeFiles/CMakeTmp

Run Build Command(s):/usr/bin/gmake -f Makefile cmTC_417e7/fast && /usr/bin/gmake  -f CMakeFiles/cmTC_417e7.dir/build.make CMakeFiles/cmTC_417e7.dir/build
gmake[1]: 进入目录“/home/ljk/Test/libpcap-1.9.1/build/CMakeFiles/CMakeTmp”
Building C object CMakeFiles/cmTC_417e7.dir/HAVE_LINUX_COMPILER_H.c.o
/usr/bin/cc    -o CMakeFiles/cmTC_417e7.dir/HAVE_LINUX_COMPILER_H.c.o -c /home/ljk/Test/libpcap-1.9.1/build/CMakeFiles/CheckIncludeFiles/HAVE_LINUX_COMPILER_H.c
/home/ljk/Test/libpcap-1.9.1/build/CMakeFiles/CheckIncludeFiles/HAVE_LINUX_COMPILER_H.c:2:10: fatal error: linux/compiler.h: 没有那个文件或目录
    2 | #include <linux/compiler.h>
      |          ^~~~~~~~~~~~~~~~~~
compilation terminated.
gmake[1]: *** [CMakeFiles/cmTC_417e7.dir/build.make:78：CMakeFiles/cmTC_417e7.dir/HAVE_LINUX_COMPILER_H.c.o] 错误 1
gmake[1]: 离开目录“/home/ljk/Test/libpcap-1.9.1/build/CMakeFiles/CMakeTmp”
gmake: *** [Makefile:127：cmTC_417e7/fast] 错误 2


Source:
/* */
#include <linux/compiler.h>


int main(void){return 0;}

Performing C SOURCE FILE Test PCAP_SUPPORT_NETMAP failed with the following output:
Change Dir: /home/ljk/Test/libpcap-1.9.1/build/CMakeFiles/CMakeTmp

Run Build Command(s):/usr/bin/gmake -f Makefile cmTC_e2dc3/fast && /usr/bin/gmake  -f CMakeFiles/cmTC_e2dc3.dir/build.make CMakeFiles/cmTC_e2dc3.dir/build
gmake[1]: 进入目录“/home/ljk/Test/libpcap-1.9.1/build/CMakeFiles/CMakeTmp”
Building C object CMakeFiles/cmTC_e2dc3.dir/src.c.o
/usr/bin/cc -DPCAP_SUPPORT_NETMAP   -o CMakeFiles/cmTC_e2dc3.dir/src.c.o -c /home/ljk/Test/libpcap-1.9.1/build/CMakeFiles/CMakeTmp/src.c
/home/ljk/Test/libpcap-1.9.1/build/CMakeFiles/CMakeTmp/src.c:2:10: fatal error: net/netmap_user.h: 没有那个文件或目录
    2 | #include <net/netmap_user.h>
      |          ^~~~~~~~~~~~~~~~~~~
compilation terminated.
gmake[1]: *** [CMakeFiles/cmTC_e2dc3.dir/build.make:78：CMakeFiles/cmTC_e2dc3.dir/src.c.o] 错误 1
gmake[1]: 离开目录“/home/ljk/Test/libpcap-1.9.1/build/CMakeFiles/CMakeTmp”
gmake: *** [Makefile:127：cmTC_e2dc3/fast] 错误 2


Source file was:
#define NETMAP_WITH_LIBS
#include <net/netmap_user.h>

int
main(void)
{
    return 0;
}

Determining if the include file bluetooth/bluetooth.h exists failed with the following output:
Change Dir: /home/ljk/Test/libpcap-1.9.1/build/CMakeFiles/CMakeTmp

Run Build Command(s):/usr/bin/gmake -f Makefile cmTC_27e4a/fast && /usr/bin/gmake  -f CMakeFiles/cmTC_27e4a.dir/build.make CMakeFiles/cmTC_27e4a.dir/build
gmake[1]: 进入目录“/home/ljk/Test/libpcap-1.9.1/build/CMakeFiles/CMakeTmp”
Building C object CMakeFiles/cmTC_27e4a.dir/CheckIncludeFile.c.o
/usr/bin/cc    -o CMakeFiles/cmTC_27e4a.dir/CheckIncludeFile.c.o -c /home/ljk/Test/libpcap-1.9.1/build/CMakeFiles/CMakeTmp/CheckIncludeFile.c
/home/ljk/Test/libpcap-1.9.1/build/CMakeFiles/CMakeTmp/CheckIncludeFile.c:1:10: fatal error: bluetooth/bluetooth.h: 没有那个文件或目录
    1 | #include <bluetooth/bluetooth.h>
      |          ^~~~~~~~~~~~~~~~~~~~~~~
compilation terminated.
gmake[1]: *** [CMakeFiles/cmTC_27e4a.dir/build.make:78：CMakeFiles/cmTC_27e4a.dir/CheckIncludeFile.c.o] 错误 1
gmake[1]: 离开目录“/home/ljk/Test/libpcap-1.9.1/build/CMakeFiles/CMakeTmp”
gmake: *** [Makefile:127：cmTC_27e4a/fast] 错误 2



Determining if the function ibv_get_device_list exists in the ibverbs failed with the following output:
Change Dir: /home/ljk/Test/libpcap-1.9.1/build/CMakeFiles/CMakeTmp

Run Build Command(s):/usr/bin/gmake -f Makefile cmTC_6fbb7/fast && /usr/bin/gmake  -f CMakeFiles/cmTC_6fbb7.dir/build.make CMakeFiles/cmTC_6fbb7.dir/build
gmake[1]: 进入目录“/home/ljk/Test/libpcap-1.9.1/build/CMakeFiles/CMakeTmp”
Building C object CMakeFiles/cmTC_6fbb7.dir/CheckFunctionExists.c.o
/usr/bin/cc   -DCHECK_FUNCTION_EXISTS=ibv_get_device_list -o CMakeFiles/cmTC_6fbb7.dir/CheckFunctionExists.c.o -c /usr/share/cmake-3.22/Modules/CheckFunctionExists.c
Linking C executable cmTC_6fbb7
/usr/bin/cmake -E cmake_link_script CMakeFiles/cmTC_6fbb7.dir/link.txt --verbose=1
/usr/bin/cc  -DCHECK_FUNCTION_EXISTS=ibv_get_device_list -rdynamic CMakeFiles/cmTC_6fbb7.dir/CheckFunctionExists.c.o -o cmTC_6fbb7  -libverbs 
/usr/bin/ld: 找不到 -libverbs: 没有那个文件或目录
collect2: error: ld returned 1 exit status
gmake[1]: *** [CMakeFiles/cmTC_6fbb7.dir/build.make:99：cmTC_6fbb7] 错误 1
gmake[1]: 离开目录“/home/ljk/Test/libpcap-1.9.1/build/CMakeFiles/CMakeTmp”
gmake: *** [Makefile:127：cmTC_6fbb7/fast] 错误 2



Determining if the include file msg.h exists failed with the following output:
Change Dir: /home/ljk/Test/libpcap-1.9.1/build/CMakeFiles/CMakeTmp

Run Build Command(s):/usr/bin/gmake -f Makefile cmTC_da237/fast && /usr/bin/gmake  -f CMakeFiles/cmTC_da237.dir/build.make CMakeFiles/cmTC_da237.dir/build
gmake[1]: 进入目录“/home/ljk/Test/libpcap-1.9.1/build/CMakeFiles/CMakeTmp”
Building C object CMakeFiles/cmTC_da237.dir/CheckIncludeFile.c.o
/usr/bin/cc  -I/home/ljk/Test/libpcap-1.9.1/../septel/INC  -o CMakeFiles/cmTC_da237.dir/CheckIncludeFile.c.o -c /home/ljk/Test/libpcap-1.9.1/build/CMakeFiles/CMakeTmp/CheckIncludeFile.c
/home/ljk/Test/libpcap-1.9.1/build/CMakeFiles/CMakeTmp/CheckIncludeFile.c:1:10: fatal error: msg.h: 没有那个文件或目录
    1 | #include <msg.h>
      |          ^~~~~~~
compilation terminated.
gmake[1]: *** [CMakeFiles/cmTC_da237.dir/build.make:78：CMakeFiles/cmTC_da237.dir/CheckIncludeFile.c.o] 错误 1
gmake[1]: 离开目录“/home/ljk/Test/libpcap-1.9.1/build/CMakeFiles/CMakeTmp”
gmake: *** [Makefile:127：cmTC_da237/fast] 错误 2



